Removed Pin From Net: NetName=NetR8_1 Pin=-1
Removed Pin From Net: NetName=NetDS1_7 Pin=-2
Removed Pin From Net: NetName=5V Pin=J2-1
Removed Pin From Net: NetName=DC0 Pin=J2-2
Removed Pin From Net: NetName=OPTO Pin=J2-3
Removed Pin From Net: NetName=GND Pin=J2-5
Removed Pin From Net: NetName=12V Pin=J4-1
Removed Pin From Net: NetName=12V Pin=J4-2
Removed Pin From Net: NetName=GND Pin=J4-4
Removed Pin From Net: NetName=GND Pin=J4-5
Removed Member From Class: ClassName=Controlador de velocidad v2 Member=
Removed Member From Class: ClassName=Controlador de velocidad v2 Member=
Removed Member From Class: ClassName=Controlador de velocidad v2 Member=
Removed Member From Class: ClassName=Controlador de velocidad v2 Member=
Removed Member From Class: ClassName=Controlador de velocidad v2 Member=
Removed Member From Class: ClassName=Controlador de velocidad v2 Member=
Removed Member From Class: ClassName=Controlador de velocidad v2 Member=
Removed Member From Class: ClassName=Controlador de velocidad v2 Member=
Removed Member From Class: ClassName=Controlador de velocidad v2 Member=J4
Removed Member From Class: ClassName=Controlador de velocidad v2 Member=J?
Change Component Designator: OldDesignator=J? NewDesignator=J2
Added Room: Name=Controlador de velocidad v2
