Removed Pin From Net: NetName=VCC Pin=J2-1
Removed Pin From Net: NetName=DC0 Pin=J2-2
Removed Pin From Net: NetName=OPTO Pin=J2-3
Removed Pin From Net: NetName=GND Pin=J2-5
Removed Pin From Net: NetName=12V Pin=J4-1
Removed Pin From Net: NetName=12V Pin=J4-2
Removed Pin From Net: NetName=GND Pin=J4-4
Removed Pin From Net: NetName=GND Pin=J4-5
Removed Pin From Net: NetName=TR Pin=R15-1
Removed Pin From Net: NetName=GND Pin=T1-3
Removed Member From Class: ClassName=Controlador de velocidad v2 Member=J2
Removed Member From Class: ClassName=Controlador de velocidad v2 Member=J4
Removed Member From Class: ClassName=Controlador de velocidad v2 Member=R15
Removed Member From Class: ClassName=Controlador de velocidad v2 Member=T1
Added Component: Designator=J?(SIP7*2)
Added Pin To Net: NetName=GND Pin=DS1-3
Added Pin To Net: NetName=GND Pin=DS1-8
Added Pin To Net: NetName=GND Pin=J?-1
Added Pin To Net: NetName=GND Pin=J?-2
Added Pin To Net: NetName=VCC Pin=J?-3
Added Pin To Net: NetName=VCC Pin=J?-4
Added Pin To Net: NetName=12V Pin=J?-5
Added Pin To Net: NetName=12V Pin=J?-6
Added Pin To Net: NetName=DC0 Pin=J?-7
Added Pin To Net: NetName=DC0 Pin=J?-8
Added Pin To Net: NetName=OPTO Pin=J?-9
Added Pin To Net: NetName=OPTO Pin=J?-10
Added Pin To Net: NetName=TR Pin=J?-11
Added Pin To Net: NetName=TR Pin=J?-12
Added Pin To Net: NetName=GND Pin=J?-13
Added Pin To Net: NetName=GND Pin=J?-14
Change Net Name : Old Net Name=VCC New Net Name=5V
Added Member To Class: ClassName=Controlador de velocidad v2 Member=Component J? CON7*2
