Change Component Comment : Designator=U2 Old Comment=74HC164D,653 New Comment=74HC164D
Change Component Comment : Designator=U Old Comment=AT24C256C-SSHL-T New Comment=24C64
Change Component Comment : Designator=J4 Old Comment=CON5 New Comment=CONECTOR-P. INFERIOR
Change Component Comment : Designator=J2 Old Comment=CON5 New Comment=CONECTOR-P. INFERIOR
Change Component Comment : Designator=T2 Old Comment=TRANSISTOR NPN New Comment=BC817
Added Component: Designator=J?(SIP7*2)
Added Pin To Net: NetName=5V Pin=IR1-3
Added Pin To Net: NetName=5V Pin=J1-6
Added Pin To Net: NetName=5V Pin=J2-1
Added Pin To Net: NetName=5V Pin=J?-5
Added Pin To Net: NetName=5V Pin=J?-6
Added Pin To Net: NetName=5V Pin=R1-2
Added Pin To Net: NetName=5V Pin=R2-2
Added Pin To Net: NetName=5V Pin=R6-1
Added Pin To Net: NetName=5V Pin=R7-1
Added Pin To Net: NetName=5V Pin=U1-3
Added Pin To Net: NetName=5V Pin=U2-9
Added Pin To Net: NetName=5V Pin=U2-14
Added Pin To Net: NetName=5V Pin=U-8
Added Net: Name=5V
Added Pin To Net: NetName=12V Pin=BZ1-1
Added Pin To Net: NetName=12V Pin=J4-1
Added Pin To Net: NetName=12V Pin=J4-2
Added Pin To Net: NetName=12V Pin=J?-3
Added Pin To Net: NetName=12V Pin=J?-4
Added Net: Name=12V
Added Pin To Net: NetName=A4 Pin=J1-1
Added Pin To Net: NetName=A4 Pin=R7-2
Added Pin To Net: NetName=A4 Pin=U1-2
Added Net: Name=A4
Added Pin To Net: NetName=A5 Pin=J1-4
Added Pin To Net: NetName=A5 Pin=R6-2
Added Pin To Net: NetName=A5 Pin=U1-1
Added Net: Name=A5
Added Pin To Net: NetName=B6 Pin=C1-1
Added Pin To Net: NetName=B6 Pin=R9-2
Added Pin To Net: NetName=B6 Pin=U1-6
Added Pin To Net: NetName=B6 Pin=Y1-2
Added Net: Name=B6
Added Pin To Net: NetName=B7 Pin=C2-1
Added Pin To Net: NetName=B7 Pin=R9-1
Added Pin To Net: NetName=B7 Pin=U1-5
Added Pin To Net: NetName=B7 Pin=Y1-1
Added Net: Name=B7
Added Pin To Net: NetName=BUZZER Pin=R11-1
Added Pin To Net: NetName=BUZZER Pin=U1-10
Added Net: Name=BUZZER
Added Pin To Net: NetName=CLOCK Pin=U1-11
Added Pin To Net: NetName=CLOCK Pin=U2-8
Added Net: Name=CLOCK
Added Pin To Net: NetName=CV Pin=R2-1
Added Pin To Net: NetName=CV Pin=S2-2
Added Pin To Net: NetName=CV Pin=S2-2
Added Pin To Net: NetName=CV Pin=U1-16
Added Net: Name=CV
Added Pin To Net: NetName=DATA Pin=U1-12
Added Pin To Net: NetName=DATA Pin=U2-1
Added Pin To Net: NetName=DATA Pin=U2-2
Added Net: Name=DATA
Added Pin To Net: NetName=DC0 Pin=J2-2
Added Pin To Net: NetName=DC0 Pin=J?-7
Added Pin To Net: NetName=DC0 Pin=J?-8
Added Pin To Net: NetName=DC0 Pin=U1-19
Added Net: Name=DC0
Added Pin To Net: NetName=GND Pin=C1-2
Added Pin To Net: NetName=GND Pin=C2-2
Added Pin To Net: NetName=GND Pin=D1-2
Added Pin To Net: NetName=GND Pin=D2-2
Added Pin To Net: NetName=GND Pin=D3-2
Added Pin To Net: NetName=GND Pin=DS1-3
Added Pin To Net: NetName=GND Pin=DS1-8
Added Pin To Net: NetName=GND Pin=IR1-2
Added Pin To Net: NetName=GND Pin=J1-2
Added Pin To Net: NetName=GND Pin=J2-5
Added Pin To Net: NetName=GND Pin=J4-4
Added Pin To Net: NetName=GND Pin=J4-5
Added Pin To Net: NetName=GND Pin=J?-1
Added Pin To Net: NetName=GND Pin=J?-2
Added Pin To Net: NetName=GND Pin=J?-13
Added Pin To Net: NetName=GND Pin=J?-14
Added Pin To Net: NetName=GND Pin=S1-1
Added Pin To Net: NetName=GND Pin=S1-1
Added Pin To Net: NetName=GND Pin=S2-1
Added Pin To Net: NetName=GND Pin=S2-1
Added Pin To Net: NetName=GND Pin=T2-3
Added Pin To Net: NetName=GND Pin=U1-4
Added Pin To Net: NetName=GND Pin=U2-7
Added Pin To Net: NetName=GND Pin=U-1
Added Pin To Net: NetName=GND Pin=U-2
Added Pin To Net: NetName=GND Pin=U-3
Added Pin To Net: NetName=GND Pin=U-4
Added Pin To Net: NetName=GND Pin=U-7
Added Net: Name=GND
Added Pin To Net: NetName=NetBZ1_2 Pin=BZ1-2
Added Pin To Net: NetName=NetBZ1_2 Pin=T2-2
Added Net: Name=NetBZ1_2
Added Pin To Net: NetName=NetD1_1 Pin=D1-1
Added Pin To Net: NetName=NetD1_1 Pin=R5-1
Added Net: Name=NetD1_1
Added Pin To Net: NetName=NetD2_1 Pin=D2-1
Added Pin To Net: NetName=NetD2_1 Pin=R4-1
Added Net: Name=NetD2_1
Added Pin To Net: NetName=NetD3_1 Pin=D3-1
Added Pin To Net: NetName=NetD3_1 Pin=R3-1
Added Net: Name=NetD3_1
Added Pin To Net: NetName=NetDS1_1 Pin=DS1-1
Added Pin To Net: NetName=NetDS1_1 Pin=R14-2
Added Net: Name=NetDS1_1
Added Pin To Net: NetName=NetDS1_2 Pin=DS1-2
Added Pin To Net: NetName=NetDS1_2 Pin=R13-2
Added Net: Name=NetDS1_2
Added Pin To Net: NetName=NetDS1_4 Pin=DS1-4
Added Pin To Net: NetName=NetDS1_4 Pin=R12-2
Added Net: Name=NetDS1_4
Added Pin To Net: NetName=NetDS1_5 Pin=DS1-5
Added Pin To Net: NetName=NetDS1_5 Pin=R18-2
Added Net: Name=NetDS1_5
Added Pin To Net: NetName=NetDS1_6 Pin=DS1-6
Added Pin To Net: NetName=NetDS1_6 Pin=R10-2
Added Net: Name=NetDS1_6
Added Pin To Net: NetName=NetDS1_7 Pin=DS1-7
Added Pin To Net: NetName=NetDS1_7 Pin=R8-2
Added Net: Name=NetDS1_7
Added Pin To Net: NetName=NetDS1_9 Pin=DS1-9
Added Pin To Net: NetName=NetDS1_9 Pin=R16-2
Added Net: Name=NetDS1_9
Added Pin To Net: NetName=NetDS1_10 Pin=DS1-10
Added Pin To Net: NetName=NetDS1_10 Pin=R17-2
Added Net: Name=NetDS1_10
Added Pin To Net: NetName=NetR8_1 Pin=R8-1
Added Pin To Net: NetName=NetR8_1 Pin=U2-3
Added Net: Name=NetR8_1
Added Pin To Net: NetName=NetR10_1 Pin=R10-1
Added Pin To Net: NetName=NetR10_1 Pin=U2-4
Added Net: Name=NetR10_1
Added Pin To Net: NetName=NetR11_2 Pin=R11-2
Added Pin To Net: NetName=NetR11_2 Pin=T2-1
Added Net: Name=NetR11_2
Added Pin To Net: NetName=NetR12_1 Pin=R12-1
Added Pin To Net: NetName=NetR12_1 Pin=U2-5
Added Net: Name=NetR12_1
Added Pin To Net: NetName=NetR13_1 Pin=R13-1
Added Pin To Net: NetName=NetR13_1 Pin=U2-6
Added Net: Name=NetR13_1
Added Pin To Net: NetName=NetR14_1 Pin=R14-1
Added Pin To Net: NetName=NetR14_1 Pin=U2-10
Added Net: Name=NetR14_1
Added Pin To Net: NetName=NetR16_1 Pin=R16-1
Added Pin To Net: NetName=NetR16_1 Pin=U2-11
Added Net: Name=NetR16_1
Added Pin To Net: NetName=NetR17_1 Pin=R17-1
Added Pin To Net: NetName=NetR17_1 Pin=U2-12
Added Net: Name=NetR17_1
Added Pin To Net: NetName=NetR18_1 Pin=R18-1
Added Pin To Net: NetName=NetR18_1 Pin=U2-13
Added Net: Name=NetR18_1
Added Pin To Net: NetName=ON/OFF Pin=R1-1
Added Pin To Net: NetName=ON/OFF Pin=S1-2
Added Pin To Net: NetName=ON/OFF Pin=S1-2
Added Pin To Net: NetName=ON/OFF Pin=U1-15
Added Net: Name=ON/OFF
Added Pin To Net: NetName=OPTO Pin=J2-3
Added Pin To Net: NetName=OPTO Pin=J?-9
Added Pin To Net: NetName=OPTO Pin=J?-10
Added Pin To Net: NetName=OPTO Pin=U1-7
Added Net: Name=OPTO
Added Pin To Net: NetName=RX Pin=IR1-1
Added Pin To Net: NetName=RX Pin=U1-20
Added Net: Name=RX
Added Pin To Net: NetName=SCL Pin=U1-17
Added Pin To Net: NetName=SCL Pin=U-6
Added Net: Name=SCL
Added Pin To Net: NetName=SDA Pin=U1-18
Added Pin To Net: NetName=SDA Pin=U-5
Added Net: Name=SDA
Added Pin To Net: NetName=TR Pin=J?-11
Added Pin To Net: NetName=TR Pin=J?-12
Added Pin To Net: NetName=TR Pin=U1-9
Added Net: Name=TR
Added Pin To Net: NetName=USO ALTO Pin=R5-2
Added Pin To Net: NetName=USO ALTO Pin=U1-8
Added Net: Name=USO ALTO
Added Pin To Net: NetName=USO BAJO Pin=R3-2
Added Pin To Net: NetName=USO BAJO Pin=U1-14
Added Net: Name=USO BAJO
Added Pin To Net: NetName=USO MEDIO Pin=R4-2
Added Pin To Net: NetName=USO MEDIO Pin=U1-13
Added Net: Name=USO MEDIO
Added Class: Name=Controlador de velocidad v2
