Change Component DesignItemId : Designator=U3 Old DesignItemId=MC9S08SH8_20 New DesignItemId=MAX3243EWIT
Change Component Comment : Designator=U3 Old Comment=MC9S08SH4 (TSSOP20) New Comment=SH16
Change Component Description : Designator=U3 Old Description= New Description=3/5 Transceiver Full RS232 28-SOIC
Change Component Library : Designator=U3 Old Library= New Library=MAX3243EWIT.IntLib
Added Component: Designator=J4(SIP5)
Added Pin To Net: NetName=GND Pin=J3-1
Added Pin To Net: NetName=GND Pin=J3-2
Added Pin To Net: NetName=SH16-1 Pin=U3-1
Added Pin To Net: NetName=SH16-2 Pin=U3-2
Added Pin To Net: NetName=A5-3 Pin=U3-3
Added Pin To Net: NetName=A4-3 Pin=U3-4
Added Pin To Net: NetName=SH16-5 Pin=U3-5
Added Pin To Net: NetName=SH16-6 Pin=U3-6
Added Pin To Net: NetName=SH16-7 Pin=U3-7
Added Pin To Net: NetName=SH16-8 Pin=U3-8
Added Pin To Net: NetName=SH16-9 Pin=U3-9
Added Pin To Net: NetName=SH16-10 Pin=U3-10
Added Pin To Net: NetName=SH16-11 Pin=U3-11
Added Pin To Net: NetName=SH16-12 Pin=U3-12
Added Pin To Net: NetName=SH16-13 Pin=U3-13
Added Pin To Net: NetName=SH16-14 Pin=U3-14
Added Pin To Net: NetName=SH16-15 Pin=U3-15
Added Pin To Net: NetName=SH16-16 Pin=U3-16
Added Pin To Net: NetName=SH16-17 Pin=U3-17
Added Pin To Net: NetName=SH16-18 Pin=U3-18
Added Pin To Net: NetName=SH16-19 Pin=U3-19
Added Pin To Net: NetName=SH16-20 Pin=U3-20
Added Member To Class: ClassName=Controlador de velocidad Member=Component J4 CON5
Added Member To Class: ClassName=Controlador de velocidad Member=Component U3 SH16
Added Room: Name=Controlador de velocidad
