Removed Pin From Net: NetName=GND Pin=D4-2
Removed Pin From Net: NetName=SCL Pin=U1-5
Removed Pin From Net: NetName=SDA Pin=U1-6
Removed Pin From Net: NetName=BUZZER Pin=U1-15
Removed Pin From Net: NetName=CV Pin=U1-17
Removed Pin From Net: NetName=ON/OFF Pin=U1-18
Removed Member From Class: ClassName=Controlador de velocidad Member=D4
Change Component DesignItemId : Designator=J4 Old DesignItemId=JBDM New DesignItemId=JUMPER3
Change Component DesignItemId : Designator=U2 Old DesignItemId=MAX3243EWIT New DesignItemId=74HC164D,653
Change Component Footprint: Designator=U2 Old Footprint=*SOIC127P1032X265-28N New Footprint=SOIC127P600X175-14N
Change Component Footprint: Designator=J4 Old Footprint=JBDM New Footprint=JUMPER3
Change Component Comment : Designator=R9 Old Comment=330 New Comment=3M
Change Component Comment : Designator=J4 Old Comment=BDM Port New Comment=JUMPER
Change Component Comment : Designator=U2 Old Comment=SH16 New Comment=74HC164D,653
Change Component Library : Designator=R9 Old Library=LIBPIOIX.IntLib New Library=LIB PIO IX.IntLib
Added Component: Designator=DS1(H-10)
Added Component: Designator=J7(SIP10)
Added Component: Designator=J8(SIP10)
Added Component: Designator=J9(SIP10)
Added Component: Designator=J10(SIP10)
Added Component: Designator=J11(SIP4)
Added Component: Designator=J12(SIP4)
Added Component: Designator=R10(0805)
Added Component: Designator=R11(0805)
Added Component: Designator=R12(0805)
Added Component: Designator=R13(0805)
Added Component: Designator=R14(0805)
Added Component: Designator=R15(0805)
Added Component: Designator=R16(0805)
Added Component: Designator=R17(0805)
Added Component: Designator=R18(0805)
Added Component: Designator=R19(0805)
Added Component: Designator=R20(0805)
Added Component: Designator=R21(0805)
Added Component: Designator=R22(0805)
Added Component: Designator=T2(SOT23)
Added Pin To Net: NetName=GND Pin=-7
Added Pin To Net: NetName=GND Pin=J4-1
Added Pin To Net: NetName=VCC Pin=J4-3
Added Pin To Net: NetName=GND Pin=T2-3
Added Pin To Net: NetName=BUZZER Pin=U1-10
Added Pin To Net: NetName=ON/OFF Pin=U1-15
Added Pin To Net: NetName=CV Pin=U1-16
Added Pin To Net: NetName=SCL Pin=U1-17
Added Pin To Net: NetName=SDA Pin=U1-18
Added Pin To Net: NetName=GND Pin=U2-7
Added Pin To Net: NetName=VCC Pin=U2-14
Added Pin To Net: NetName=A4-2 Pin=J5-1
Added Pin To Net: NetName=A4-2 Pin=J9-2
Added Pin To Net: NetName=A4-2 Pin=R20-2
Added Pin To Net: NetName=A4-2 Pin=U1-2
Added Net: Name=A4-2
Added Pin To Net: NetName=A4-3 Pin=J7-4
Added Pin To Net: NetName=A4-3 Pin=R22-2
Added Pin To Net: NetName=A4-3 Pin=U1-4
Added Net: Name=A4-3
Added Pin To Net: NetName=A5-2 Pin=J5-4
Added Pin To Net: NetName=A5-2 Pin=J9-1
Added Pin To Net: NetName=A5-2 Pin=R19-2
Added Pin To Net: NetName=A5-2 Pin=U1-1
Added Net: Name=A5-2
Added Pin To Net: NetName=A5-3 Pin=J7-3
Added Pin To Net: NetName=A5-3 Pin=R21-2
Added Pin To Net: NetName=A5-3 Pin=U1-3
Added Net: Name=A5-3
Added Pin To Net: NetName=B6 Pin=R9-2
Added Pin To Net: NetName=B6 Pin=U1-6
Added Net: Name=B6
Added Pin To Net: NetName=B7 Pin=R9-1
Added Pin To Net: NetName=B7 Pin=U1-5
Added Net: Name=B7
Added Pin To Net: NetName=CLOCK Pin=U1-11
Added Pin To Net: NetName=CLOCK Pin=U2-8
Added Net: Name=CLOCK
Added Pin To Net: NetName=DATA Pin=U1-12
Added Pin To Net: NetName=DATA Pin=U2-1
Added Pin To Net: NetName=DATA Pin=U2-2
Added Net: Name=DATA
Added Pin To Net: NetName=GND-2 Pin=J5-2
Added Pin To Net: NetName=GND-2 Pin=U1-4
Added Net: Name=GND-2
Added Pin To Net: NetName=NetDS1_1 Pin=DS1-1
Added Pin To Net: NetName=NetDS1_1 Pin=R14-2
Added Net: Name=NetDS1_1
Added Pin To Net: NetName=NetDS1_2 Pin=DS1-2
Added Pin To Net: NetName=NetDS1_2 Pin=R13-2
Added Net: Name=NetDS1_2
Added Pin To Net: NetName=NetDS1_3 Pin=DS1-3
Added Pin To Net: NetName=NetDS1_3 Pin=DS1-8
Added Pin To Net: NetName=NetDS1_3 Pin=T2-2
Added Net: Name=NetDS1_3
Added Pin To Net: NetName=NetDS1_4 Pin=DS1-4
Added Pin To Net: NetName=NetDS1_4 Pin=R12-2
Added Net: Name=NetDS1_4
Added Pin To Net: NetName=NetDS1_5 Pin=DS1-5
Added Pin To Net: NetName=NetDS1_5 Pin=R17-2
Added Net: Name=NetDS1_5
Added Pin To Net: NetName=NetDS1_6 Pin=DS1-6
Added Pin To Net: NetName=NetDS1_6 Pin=R11-2
Added Net: Name=NetDS1_6
Added Pin To Net: NetName=NetDS1_7 Pin=DS1-7
Added Pin To Net: NetName=NetDS1_7 Pin=R10-2
Added Net: Name=NetDS1_7
Added Pin To Net: NetName=NetDS1_9 Pin=DS1-9
Added Pin To Net: NetName=NetDS1_9 Pin=R15-2
Added Net: Name=NetDS1_9
Added Pin To Net: NetName=NetDS1_10 Pin=DS1-10
Added Pin To Net: NetName=NetDS1_10 Pin=R16-2
Added Net: Name=NetDS1_10
Added Pin To Net: NetName=NetJ4_2 Pin=J4-2
Added Pin To Net: NetName=NetJ4_2 Pin=U2-9
Added Net: Name=NetJ4_2
Added Pin To Net: NetName=NetR10_1 Pin=R10-1
Added Pin To Net: NetName=NetR10_1 Pin=U2-3
Added Net: Name=NetR10_1
Added Pin To Net: NetName=NetR11_1 Pin=R11-1
Added Pin To Net: NetName=NetR11_1 Pin=U2-4
Added Net: Name=NetR11_1
Added Pin To Net: NetName=NetR12_1 Pin=R12-1
Added Pin To Net: NetName=NetR12_1 Pin=U2-5
Added Net: Name=NetR12_1
Added Pin To Net: NetName=NetR13_1 Pin=R13-1
Added Pin To Net: NetName=NetR13_1 Pin=U2-6
Added Net: Name=NetR13_1
Added Pin To Net: NetName=NetR14_1 Pin=R14-1
Added Pin To Net: NetName=NetR14_1 Pin=U2-10
Added Net: Name=NetR14_1
Added Pin To Net: NetName=NetR15_1 Pin=R15-1
Added Pin To Net: NetName=NetR15_1 Pin=U2-11
Added Net: Name=NetR15_1
Added Pin To Net: NetName=NetR16_1 Pin=R16-1
Added Pin To Net: NetName=NetR16_1 Pin=U2-12
Added Net: Name=NetR16_1
Added Pin To Net: NetName=NetR17_1 Pin=R17-1
Added Pin To Net: NetName=NetR17_1 Pin=U2-13
Added Net: Name=NetR17_1
Added Pin To Net: NetName=NetR18_2 Pin=R18-2
Added Pin To Net: NetName=NetR18_2 Pin=T2-1
Added Net: Name=NetR18_2
Added Pin To Net: NetName=SH4-3 Pin=J9-3
Added Net: Name=SH4-3
Added Pin To Net: NetName=SH4-4 Pin=J9-4
Added Net: Name=SH4-4
Added Pin To Net: NetName=SH4-5 Pin=J9-5
Added Pin To Net: NetName=SH4-5 Pin=U1-5
Added Net: Name=SH4-5
Added Pin To Net: NetName=SH4-6 Pin=J9-6
Added Pin To Net: NetName=SH4-6 Pin=U1-6
Added Net: Name=SH4-6
Added Pin To Net: NetName=SH4-7 Pin=J9-7
Added Pin To Net: NetName=SH4-7 Pin=U1-7
Added Net: Name=SH4-7
Added Pin To Net: NetName=SH4-8 Pin=J9-8
Added Pin To Net: NetName=SH4-8 Pin=U1-8
Added Net: Name=SH4-8
Added Pin To Net: NetName=SH4-9 Pin=J9-9
Added Pin To Net: NetName=SH4-9 Pin=U1-9
Added Net: Name=SH4-9
Added Pin To Net: NetName=SH4-10 Pin=J9-10
Added Pin To Net: NetName=SH4-10 Pin=U1-10
Added Net: Name=SH4-10
Added Pin To Net: NetName=SH4-11 Pin=J10-1
Added Pin To Net: NetName=SH4-11 Pin=U1-11
Added Net: Name=SH4-11
Added Pin To Net: NetName=SH4-12 Pin=J10-2
Added Pin To Net: NetName=SH4-12 Pin=U1-12
Added Net: Name=SH4-12
Added Pin To Net: NetName=SH4-13 Pin=J10-3
Added Pin To Net: NetName=SH4-13 Pin=U1-13
Added Net: Name=SH4-13
Added Pin To Net: NetName=SH4-14 Pin=J10-4
Added Pin To Net: NetName=SH4-14 Pin=U1-14
Added Net: Name=SH4-14
Added Pin To Net: NetName=SH4-15 Pin=J10-5
Added Pin To Net: NetName=SH4-15 Pin=U1-15
Added Net: Name=SH4-15
Added Pin To Net: NetName=SH4-16 Pin=J10-6
Added Pin To Net: NetName=SH4-16 Pin=U1-16
Added Net: Name=SH4-16
Added Pin To Net: NetName=SH4-17 Pin=J10-7
Added Pin To Net: NetName=SH4-17 Pin=U1-17
Added Net: Name=SH4-17
Added Pin To Net: NetName=SH4-18 Pin=J10-8
Added Pin To Net: NetName=SH4-18 Pin=U1-18
Added Net: Name=SH4-18
Added Pin To Net: NetName=SH4-19 Pin=J10-9
Added Pin To Net: NetName=SH4-19 Pin=U1-19
Added Net: Name=SH4-19
Added Pin To Net: NetName=SH4-20 Pin=J10-10
Added Pin To Net: NetName=SH4-20 Pin=U1-20
Added Net: Name=SH4-20
Added Pin To Net: NetName=SH16-1 Pin=J7-1
Added Pin To Net: NetName=SH16-1 Pin=U1-1
Added Net: Name=SH16-1
Added Pin To Net: NetName=SH16-2 Pin=J7-2
Added Pin To Net: NetName=SH16-2 Pin=U1-2
Added Net: Name=SH16-2
Added Pin To Net: NetName=SH16-5 Pin=J7-5
Added Pin To Net: NetName=SH16-5 Pin=R21-1
Added Pin To Net: NetName=SH16-5 Pin=R22-1
Added Pin To Net: NetName=SH16-5 Pin=U1-5
Added Net: Name=SH16-5
Added Pin To Net: NetName=SH16-6 Pin=J7-6
Added Pin To Net: NetName=SH16-6 Pin=U1-6
Added Net: Name=SH16-6
Added Pin To Net: NetName=SH16-7 Pin=J7-7
Added Pin To Net: NetName=SH16-7 Pin=U1-7
Added Net: Name=SH16-7
Added Pin To Net: NetName=SH16-8 Pin=J7-8
Added Pin To Net: NetName=SH16-8 Pin=U1-8
Added Net: Name=SH16-8
Added Pin To Net: NetName=SH16-9 Pin=J7-9
Added Pin To Net: NetName=SH16-9 Pin=U1-9
Added Net: Name=SH16-9
Added Pin To Net: NetName=SH16-10 Pin=J7-10
Added Pin To Net: NetName=SH16-10 Pin=U1-10
Added Net: Name=SH16-10
Added Pin To Net: NetName=SH16-11 Pin=J11-1
Added Pin To Net: NetName=SH16-11 Pin=U1-11
Added Net: Name=SH16-11
Added Pin To Net: NetName=SH16-12 Pin=J11-2
Added Pin To Net: NetName=SH16-12 Pin=U1-12
Added Net: Name=SH16-12
Added Pin To Net: NetName=SH16-13 Pin=J11-3
Added Pin To Net: NetName=SH16-13 Pin=U1-13
Added Net: Name=SH16-13
Added Pin To Net: NetName=SH16-14 Pin=J11-4
Added Pin To Net: NetName=SH16-14 Pin=U1-14
Added Net: Name=SH16-14
Added Pin To Net: NetName=SH16-15 Pin=J8-1
Added Pin To Net: NetName=SH16-15 Pin=U1-15
Added Net: Name=SH16-15
Added Pin To Net: NetName=SH16-16 Pin=J8-2
Added Pin To Net: NetName=SH16-16 Pin=U1-16
Added Net: Name=SH16-16
Added Pin To Net: NetName=SH16-17 Pin=J8-3
Added Pin To Net: NetName=SH16-17 Pin=U1-17
Added Net: Name=SH16-17
Added Pin To Net: NetName=SH16-18 Pin=J8-4
Added Pin To Net: NetName=SH16-18 Pin=U1-18
Added Net: Name=SH16-18
Added Pin To Net: NetName=SH16-19 Pin=J8-5
Added Pin To Net: NetName=SH16-19 Pin=U1-19
Added Net: Name=SH16-19
Added Pin To Net: NetName=SH16-20 Pin=J8-6
Added Pin To Net: NetName=SH16-20 Pin=U1-20
Added Net: Name=SH16-20
Added Pin To Net: NetName=SH16-21 Pin=J8-7
Added Net: Name=SH16-21
Added Pin To Net: NetName=SH16-22 Pin=J8-8
Added Net: Name=SH16-22
Added Pin To Net: NetName=SH16-23 Pin=J8-9
Added Net: Name=SH16-23
Added Pin To Net: NetName=SH16-24 Pin=J8-10
Added Net: Name=SH16-24
Added Pin To Net: NetName=SH16-25 Pin=J12-1
Added Net: Name=SH16-25
Added Pin To Net: NetName=SH16-26 Pin=J12-2
Added Net: Name=SH16-26
Added Pin To Net: NetName=SH16-27 Pin=J12-3
Added Net: Name=SH16-27
Added Pin To Net: NetName=SH16-28 Pin=J12-4
Added Net: Name=SH16-28
Added Pin To Net: NetName=TR Pin=R18-1
Added Pin To Net: NetName=TR Pin=U1-9
Added Net: Name=TR
Added Pin To Net: NetName=VCC-2 Pin=J5-6
Added Pin To Net: NetName=VCC-2 Pin=R19-1
Added Pin To Net: NetName=VCC-2 Pin=R20-1
Added Pin To Net: NetName=VCC-2 Pin=U1-3
Added Net: Name=VCC-2
Added Member To Class: ClassName=Controlador de velocidad Member=Component DS1 HDSP-5503
Added Member To Class: ClassName=Controlador de velocidad Member=Component J4 JUMPER
Added Member To Class: ClassName=Controlador de velocidad Member=Component J5 BDM Port
Added Member To Class: ClassName=Controlador de velocidad Member=Component J7 CON10
Added Member To Class: ClassName=Controlador de velocidad Member=Component J8 CON10
Added Member To Class: ClassName=Controlador de velocidad Member=Component J9 CON10
Added Member To Class: ClassName=Controlador de velocidad Member=Component J10 CON10
Added Member To Class: ClassName=Controlador de velocidad Member=Component J11 CON4
Added Member To Class: ClassName=Controlador de velocidad Member=Component J12 CON4
Added Member To Class: ClassName=Controlador de velocidad Member=Component R10 330
Added Member To Class: ClassName=Controlador de velocidad Member=Component R11 330
Added Member To Class: ClassName=Controlador de velocidad Member=Component R12 330
Added Member To Class: ClassName=Controlador de velocidad Member=Component R13 330
Added Member To Class: ClassName=Controlador de velocidad Member=Component R14 330
Added Member To Class: ClassName=Controlador de velocidad Member=Component R15 330
Added Member To Class: ClassName=Controlador de velocidad Member=Component R16 330
Added Member To Class: ClassName=Controlador de velocidad Member=Component R17 330
Added Member To Class: ClassName=Controlador de velocidad Member=Component R18 10k
Added Member To Class: ClassName=Controlador de velocidad Member=Component R19 4K7
Added Member To Class: ClassName=Controlador de velocidad Member=Component R20 4K7
Added Member To Class: ClassName=Controlador de velocidad Member=Component R21 4K7
Added Member To Class: ClassName=Controlador de velocidad Member=Component R22 4K7
Added Member To Class: ClassName=Controlador de velocidad Member=Component T2 TRANSISTOR NPN
Added Member To Class: ClassName=Controlador de velocidad Member=Component  24C65T/SM
Added Member To Class: ClassName=Controlador de velocidad Member=Component U2 74HC164D,653
