Removed Pin From Net: NetName=GND Pin=J3-2
Removed Pin From Net: NetName=12V Pin=J3-4
Removed Pin From Net: NetName=12V Pin=J3-5
Removed Pin From Net: NetName=GND Pin=J4-1
Removed Pin From Net: NetName=VCC Pin=J4-3
Removed Pin From Net: NetName=SH16-1 Pin=U1-1
Removed Pin From Net: NetName=SH16-2 Pin=U1-2
Removed Pin From Net: NetName=VCC-2 Pin=U1-3
Removed Pin From Net: NetName=GND-2 Pin=U1-4
Removed Pin From Net: NetName=SH16-5 Pin=U1-5
Removed Pin From Net: NetName=SH16-6 Pin=U1-6
Removed Pin From Net: NetName=SH16-7 Pin=U1-7
Removed Pin From Net: NetName=SH16-8 Pin=U1-8
Removed Pin From Net: NetName=SH16-10 Pin=U1-10
Removed Pin From Net: NetName=SH16-11 Pin=U1-11
Removed Pin From Net: NetName=SH16-12 Pin=U1-12
Removed Pin From Net: NetName=SH16-13 Pin=U1-13
Removed Pin From Net: NetName=SH16-14 Pin=U1-14
Removed Pin From Net: NetName=SH16-15 Pin=U1-15
Removed Pin From Net: NetName=SH16-16 Pin=U1-16
Removed Pin From Net: NetName=SH16-17 Pin=U1-17
Removed Pin From Net: NetName=SH16-18 Pin=U1-18
Removed Pin From Net: NetName=SH16-19 Pin=U1-19
Removed Pin From Net: NetName=SH16-20 Pin=U1-20
Change Component DesignItemId : Designator=J3 Old DesignItemId=CON5 New DesignItemId=JUMPER3
Change Component Footprint: Designator=J3 Old Footprint=SIP5 New Footprint=JUMPER3
Change Component Comment : Designator=J3 Old Comment=CON5 New Comment=JUMPER
Change Component Designator: OldDesignator= NewDesignator=1
Change Component Designator: OldDesignator=R1 NewDesignator=R6
Change Component Designator: OldDesignator=R2 NewDesignator=R7
Change Component Designator: OldDesignator=R6 NewDesignator=R1
Change Component Designator: OldDesignator=R7 NewDesignator=R2
Change Component Designator: OldDesignator=R8 NewDesignator=R11
Change Component Designator: OldDesignator=R10 NewDesignator=R8
Change Component Designator: OldDesignator=R11 NewDesignator=R10
Change Component Designator: OldDesignator=R15 NewDesignator=R16
Change Component Designator: OldDesignator=R16 NewDesignator=R17
Change Component Designator: OldDesignator=R17 NewDesignator=R18
Change Component Designator: OldDesignator=R18 NewDesignator=R15
Change Component Designator: OldDesignator=T1 NewDesignator=T2
Change Component Designator: OldDesignator=T2 NewDesignator=T1
Added Component: Designator=J4(SIP5)
Added Pin To Net: NetName=VCC Pin=J3-3
Added Pin To Net: NetName=GND Pin=J3-1
Added Pin To Net: NetName=GND Pin=J3-2
Added Pin To Net: NetName=A5 Pin=U1-1
Added Pin To Net: NetName=A4 Pin=U1-2
Added Pin To Net: NetName=VCC Pin=U1-3
Added Pin To Net: NetName=GND Pin=U1-4
Added Pin To Net: NetName=B7 Pin=U1-5
Added Pin To Net: NetName=B6 Pin=U1-6
Added Pin To Net: NetName=OPTO Pin=U1-7
Added Pin To Net: NetName=USO ALTO Pin=U1-8
Added Pin To Net: NetName=BUZZER Pin=U1-10
Added Pin To Net: NetName=CLOCK Pin=U1-11
Added Pin To Net: NetName=DATA Pin=U1-12
Added Pin To Net: NetName=USO MEDIO Pin=U1-13
Added Pin To Net: NetName=USO BAJO Pin=U1-14
Added Pin To Net: NetName=ON/OFF Pin=U1-15
Added Pin To Net: NetName=CV Pin=U1-16
Added Pin To Net: NetName=SCL Pin=U1-17
Added Pin To Net: NetName=SDA Pin=U1-18
Added Pin To Net: NetName=DC0 Pin=U1-19
Added Pin To Net: NetName=RX Pin=U1-20
Change Net Name : Old Net Name=NetR8_2 New Net Name=NetR11_2
Change Net Name : Old Net Name=NetR10_1 New Net Name=NetR8_1
Change Net Name : Old Net Name=NetR11_1 New Net Name=NetR10_1
Change Net Name : Old Net Name=NetR15_1 New Net Name=NetR16_1
Change Net Name : Old Net Name=NetR16_1 New Net Name=NetR17_1
Change Net Name : Old Net Name=NetR17_1 New Net Name=NetR18_1
Change Net Name : Old Net Name=NetR18_2 New Net Name=NetR15_2
Added Pin To Net: NetName=NetJ3_2 Pin=J3-2
Added Pin To Net: NetName=NetJ3_2 Pin=U2-9
Added Net: Name=NetJ3_2
Added Room: Name=Controlador de velocidad
