Removed Pin From Net: NetName=SH16-1 Pin=U1-1
Removed Pin From Net: NetName=SH16-2 Pin=U1-2
Removed Pin From Net: NetName=SH16-5 Pin=U1-5
Removed Pin From Net: NetName=SH16-6 Pin=U1-6
Removed Pin From Net: NetName=SH16-7 Pin=U1-7
Removed Pin From Net: NetName=SH16-9 Pin=U1-9
Removed Pin From Net: NetName=SH16-10 Pin=U1-10
Removed Pin From Net: NetName=SH16-11 Pin=U1-11
Removed Pin From Net: NetName=SH16-12 Pin=U1-12
Removed Pin From Net: NetName=SH16-15 Pin=U1-15
Removed Pin From Net: NetName=SH16-16 Pin=U1-16
Removed Pin From Net: NetName=SH16-17 Pin=U1-17
Removed Pin From Net: NetName=SH16-18 Pin=U1-18
Removed Pin From Net: NetName=SH16-19 Pin=U1-19
Removed Pin From Net: NetName=SH16-20 Pin=U1-20
Added Component: Designator=C1(0805)
Added Component: Designator=C2(0805)
Added Pin To Net: NetName=B6 Pin=C1-1
Added Pin To Net: NetName=B7 Pin=C2-1
Added Pin To Net: NetName=A5-2 Pin=U1-1
Added Pin To Net: NetName=A5 Pin=U1-1
Added Pin To Net: NetName=SH16-1 Pin=U1-1
Added Pin To Net: NetName=A4-2 Pin=U1-2
Added Pin To Net: NetName=A4 Pin=U1-2
Added Pin To Net: NetName=SH16-2 Pin=U1-2
Added Pin To Net: NetName=A5-3 Pin=U1-3
Added Pin To Net: NetName=VCC-2 Pin=U1-3
Added Pin To Net: NetName=A4-3 Pin=U1-4
Added Pin To Net: NetName=GND-2 Pin=U1-4
Added Pin To Net: NetName=B7 Pin=U1-5
Added Pin To Net: NetName=SH4-5 Pin=U1-5
Added Pin To Net: NetName=SH16-5 Pin=U1-5
Added Pin To Net: NetName=B6 Pin=U1-6
Added Pin To Net: NetName=SH4-6 Pin=U1-6
Added Pin To Net: NetName=SH16-6 Pin=U1-6
Added Pin To Net: NetName=OPTO Pin=U1-7
Added Pin To Net: NetName=SH4-7 Pin=U1-7
Added Pin To Net: NetName=SH16-7 Pin=U1-7
Added Pin To Net: NetName=SH4-8 Pin=U1-8
Added Pin To Net: NetName=SH16-8 Pin=U1-8
Added Pin To Net: NetName=SH4-9 Pin=U1-9
Added Pin To Net: NetName=SH16-9 Pin=U1-9
Added Pin To Net: NetName=TR Pin=U1-9
Added Pin To Net: NetName=BUZZER Pin=U1-10
Added Pin To Net: NetName=SH4-10 Pin=U1-10
Added Pin To Net: NetName=SH16-10 Pin=U1-10
Added Pin To Net: NetName=CLOCK Pin=U1-11
Added Pin To Net: NetName=SH4-11 Pin=U1-11
Added Pin To Net: NetName=SH16-11 Pin=U1-11
Added Pin To Net: NetName=DATA Pin=U1-12
Added Pin To Net: NetName=SH4-12 Pin=U1-12
Added Pin To Net: NetName=SH16-12 Pin=U1-12
Added Pin To Net: NetName=SH4-13 Pin=U1-13
Added Pin To Net: NetName=SH16-13 Pin=U1-13
Added Pin To Net: NetName=SH4-14 Pin=U1-14
Added Pin To Net: NetName=SH16-14 Pin=U1-14
Added Pin To Net: NetName=ON/OFF Pin=U1-15
Added Pin To Net: NetName=SH4-15 Pin=U1-15
Added Pin To Net: NetName=SH16-15 Pin=U1-15
Added Pin To Net: NetName=CV Pin=U1-16
Added Pin To Net: NetName=SH4-16 Pin=U1-16
Added Pin To Net: NetName=SH16-16 Pin=U1-16
Added Pin To Net: NetName=SCL Pin=U1-17
Added Pin To Net: NetName=SH4-17 Pin=U1-17
Added Pin To Net: NetName=SH16-17 Pin=U1-17
Added Pin To Net: NetName=SDA Pin=U1-18
Added Pin To Net: NetName=SH4-18 Pin=U1-18
Added Pin To Net: NetName=SH16-18 Pin=U1-18
Added Pin To Net: NetName=DC0 Pin=U1-19
Added Pin To Net: NetName=SH4-19 Pin=U1-19
Added Pin To Net: NetName=SH16-19 Pin=U1-19
Added Pin To Net: NetName=RX Pin=U1-20
Added Pin To Net: NetName=SH4-20 Pin=U1-20
Added Pin To Net: NetName=SH16-20 Pin=U1-20
Added Member To Class: ClassName=Controlador de velocidad Member=Component C1 22p
Added Member To Class: ClassName=Controlador de velocidad Member=Component C2 22p
